<?xml version="1.0" encoding="UTF-8"?>
<!-- Generated by org.testng.reporters.JUnitXMLReporter -->
<testsuite ignored="0" hostname="LAPTOP-39100DHL" failures="1" tests="5" name="Test" time="1.107" errors="0" timestamp="2025-04-04T17:17:34 IST">
  <testcase classname="com.InternetHerokuapp.Tests.ABTest" name="demotest1" time="0.681"/>
  <testcase classname="com.InternetHerokuapp.Tests.ABTest" name="header" time="0.065">
    <failure type="java.lang.AssertionError" message="expected [A/B Test Variation 1] but found [A/B Test Variation ]">
      <![CDATA[java.lang.AssertionError: expected [A/B Test Variation 1] but found [A/B Test Variation ]
at com.InternetHerokuapp.Tests.ABTest.header(ABTest.java:42)
at java.base/java.util.ArrayList.forEach(ArrayList.java:1511)
... Removed 33 stack frames]]>
    </failure>
  </testcase> <!-- header -->
  <testcase classname="com.InternetHerokuapp.Tests.ABTest" name="verifyelementseleniumbuttonispresent" time="0.052"/>
  <testcase classname="com.InternetHerokuapp.Tests.ABTest" name="verifyparagraphendswith" time="0.036"/>
  <testcase classname="com.InternetHerokuapp.Tests.ABTest" name="verifyparagraphstartswith" time="0.033"/>
</testsuite> <!-- Test -->
